<?xml version="1.0" encoding="UTF-8"?>
<!-- Generated by org.testng.reporters.JUnitXMLReporter -->
<testsuite ignored="0" hostname="Niraj" failures="0" tests="4" name="Default test" time="26.972" errors="0" timestamp="2026-04-16T16:29:26 IST">
  <testcase classname="tests.AmazonTest1" name="searchMobile" time="4.497"/>
  <testcase classname="tests.AmazonTest1" name="searchMobile" time="4.616"/>
  <testcase classname="tests.AmazonTest1" name="searchMobile" time="4.748"/>
  <testcase classname="tests.AmazonTest1" name="searchBooks" time="5.03"/>
</testsuite> <!-- Default test -->
