<?xml version="1.0" encoding="UTF-8"?>
<!-- Generated by org.testng.reporters.JUnitXMLReporter -->
<testsuite ignored="0" hostname="Niraj" failures="0" tests="4" name="ChromeTest" time="41.858" errors="0" timestamp="2026-04-16T18:11:55 IST">
  <testcase classname="tests.AmazonTest1" name="searchMobile" time="6.738"/>
  <testcase classname="tests.AmazonTest1" name="searchMobile" time="7.333"/>
  <testcase classname="tests.AmazonTest1" name="searchMobile" time="7.715"/>
  <testcase classname="tests.AmazonTest1" name="searchBooks" time="7.106"/>
</testsuite> <!-- ChromeTest -->
