<?xml version="1.0" encoding="UTF-8"?>
<!-- Generated by org.testng.reporters.JUnitXMLReporter -->
<testsuite ignored="0" hostname="Niraj" failures="1" tests="4" name="ChromeTest" time="57.141" errors="0" timestamp="2026-04-18T21:27:25 IST">
  <testcase classname="tests.AmazonTest1" name="searchMobile" time="14.904">
    <failure type="java.lang.AssertionError" message="expected [true] but found [false]">
      <![CDATA[java.lang.AssertionError: expected [true] but found [false]
at tests.AmazonTest1.searchMobile(AmazonTest1.java:38)
at java.base/java.util.ArrayList.forEach(ArrayList.java:1596)
at java.base/java.util.concurrent.FutureTask.run(FutureTask.java:317)
at java.base/java.util.concurrent.ThreadPoolExecutor.runWorker(ThreadPoolExecutor.java:1144)
at java.base/java.util.concurrent.ThreadPoolExecutor$Worker.run(ThreadPoolExecutor.java:642)
at java.base/java.lang.Thread.run(Thread.java:1583)
... Removed 19 stack frames]]>
    </failure>
  </testcase> <!-- searchMobile -->
  <testcase classname="tests.AmazonTest1" name="searchMobile" time="9.102"/>
  <testcase classname="tests.AmazonTest1" name="searchMobile" time="9.542"/>
  <testcase classname="tests.AmazonTest1" name="searchBooks" time="9.133"/>
</testsuite> <!-- ChromeTest -->
