<?xml version="1.0" encoding="UTF-8"?>
<!-- Generated by org.testng.reporters.JUnitXMLReporter -->
<testsuite ignored="0" hostname="Niraj" failures="0" tests="4" name="EdgeTest" time="55.491" errors="0" timestamp="2026-04-18T21:27:24 IST">
  <testcase classname="tests.AmazonTest1" name="searchMobile" time="10.476"/>
  <testcase classname="tests.AmazonTest1" name="searchMobile" time="8.859"/>
  <testcase classname="tests.AmazonTest1" name="searchMobile" time="11.529"/>
  <testcase classname="tests.AmazonTest1" name="searchBooks" time="9.612"/>
</testsuite> <!-- EdgeTest -->
