<?xml version="1.0" encoding="UTF-8"?>
<!-- Generated by org.testng.reporters.JUnitXMLReporter -->
<testsuite ignored="0" hostname="Niraj" failures="0" tests="4" name="EdgeTest" time="3.913" errors="0" timestamp="2026-07-03T16:56:52 IST">
  <testcase classname="tests.AmazonTest1" name="searchMobile" time="0.0">
    <skipped/>
  </testcase> <!-- searchMobile -->
  <testcase classname="tests.AmazonTest1" name="searchMobile" time="0.0">
    <skipped/>
  </testcase> <!-- searchMobile -->
  <testcase classname="tests.AmazonTest1" name="searchMobile" time="0.0">
    <skipped/>
  </testcase> <!-- searchMobile -->
  <testcase classname="tests.AmazonTest1" name="searchBooks" time="0.0">
    <skipped/>
  </testcase> <!-- searchBooks -->
</testsuite> <!-- EdgeTest -->
