<?xml version="1.0" encoding="UTF-8"?>
<testng-results ignored="0" total="8" passed="7" failed="1" skipped="0">
  <reporter-output>
  </reporter-output>
  <suite started-at="2026-04-18T21:26:28 IST" name="Suite" finished-at="2026-04-18T21:27:25 IST" duration-ms="57141">
    <groups>
    </groups>
    <test started-at="2026-04-18T21:26:28 IST" name="EdgeTest" finished-at="2026-04-18T21:27:24 IST" duration-ms="55491">
      <class name="tests.AmazonTest1">
        <test-method is-config="true" signature="setup(java.lang.String)[pri:0, instance:tests.AmazonTest1@4e3958e7]" started-at="2026-04-18T21:26:28 IST" name="setup" finished-at="2026-04-18T21:26:32 IST" duration-ms="4106" status="PASS">
          <params>
            <param index="0">
              <value>
                <![CDATA[edge]]>
              </value>
            </param>
          </params>
          <reporter-output>
          </reporter-output>
        </test-method> <!-- setup -->
        <test-method signature="searchMobile(java.lang.String)[pri:0, instance:tests.AmazonTest1@4e3958e7]" started-at="2026-04-18T21:26:32 IST" name="searchMobile" data-provider="searchData" finished-at="2026-04-18T21:26:43 IST" duration-ms="10476" status="PASS">
          <params>
            <param index="0">
              <value>
                <![CDATA[mobile]]>
              </value>
            </param>
          </params>
          <reporter-output>
          </reporter-output>
        </test-method> <!-- searchMobile -->
        <test-method is-config="true" signature="tearDown(org.testng.ITestResult)[pri:0, instance:tests.AmazonTest1@4e3958e7]" started-at="2026-04-18T21:26:43 IST" name="tearDown" finished-at="2026-04-18T21:26:44 IST" duration-ms="733" status="PASS">
          <params>
            <param index="0">
              <value>
                <![CDATA[[TestResult name=searchMobile status=SUCCESS method=AmazonTest1.searchMobile(java.lang.String)[pri:0, instance:tests.AmazonTest1@4e3958e7] output={null}]]]>
              </value>
            </param>
          </params>
          <reporter-output>
          </reporter-output>
        </test-method> <!-- tearDown -->
        <test-method is-config="true" signature="setup(java.lang.String)[pri:0, instance:tests.AmazonTest1@4e3958e7]" started-at="2026-04-18T21:26:44 IST" name="setup" finished-at="2026-04-18T21:26:47 IST" duration-ms="3105" status="PASS">
          <params>
            <param index="0">
              <value>
                <![CDATA[edge]]>
              </value>
            </param>
          </params>
          <reporter-output>
          </reporter-output>
        </test-method> <!-- setup -->
        <test-method signature="searchMobile(java.lang.String)[pri:0, instance:tests.AmazonTest1@4e3958e7]" started-at="2026-04-18T21:26:47 IST" name="searchMobile" data-provider="searchData" finished-at="2026-04-18T21:26:56 IST" duration-ms="8859" status="PASS">
          <params>
            <param index="0">
              <value>
                <![CDATA[laptop]]>
              </value>
            </param>
          </params>
          <reporter-output>
          </reporter-output>
        </test-method> <!-- searchMobile -->
        <test-method is-config="true" signature="tearDown(org.testng.ITestResult)[pri:0, instance:tests.AmazonTest1@4e3958e7]" started-at="2026-04-18T21:26:56 IST" name="tearDown" finished-at="2026-04-18T21:26:56 IST" duration-ms="485" status="PASS">
          <params>
            <param index="0">
              <value>
                <![CDATA[[TestResult name=searchMobile status=SUCCESS method=AmazonTest1.searchMobile(java.lang.String)[pri:0, instance:tests.AmazonTest1@4e3958e7] output={null}]]]>
              </value>
            </param>
          </params>
          <reporter-output>
          </reporter-output>
        </test-method> <!-- tearDown -->
        <test-method is-config="true" signature="setup(java.lang.String)[pri:0, instance:tests.AmazonTest1@4e3958e7]" started-at="2026-04-18T21:26:56 IST" name="setup" finished-at="2026-04-18T21:26:59 IST" duration-ms="3054" status="PASS">
          <params>
            <param index="0">
              <value>
                <![CDATA[edge]]>
              </value>
            </param>
          </params>
          <reporter-output>
          </reporter-output>
        </test-method> <!-- setup -->
        <test-method signature="searchMobile(java.lang.String)[pri:0, instance:tests.AmazonTest1@4e3958e7]" started-at="2026-04-18T21:26:59 IST" name="searchMobile" data-provider="searchData" finished-at="2026-04-18T21:27:11 IST" duration-ms="11529" status="PASS">
          <params>
            <param index="0">
              <value>
                <![CDATA[headphones]]>
              </value>
            </param>
          </params>
          <reporter-output>
          </reporter-output>
        </test-method> <!-- searchMobile -->
        <test-method is-config="true" signature="tearDown(org.testng.ITestResult)[pri:0, instance:tests.AmazonTest1@4e3958e7]" started-at="2026-04-18T21:27:11 IST" name="tearDown" finished-at="2026-04-18T21:27:11 IST" duration-ms="337" status="PASS">
          <params>
            <param index="0">
              <value>
                <![CDATA[[TestResult name=searchMobile status=SUCCESS method=AmazonTest1.searchMobile(java.lang.String)[pri:0, instance:tests.AmazonTest1@4e3958e7] output={null}]]]>
              </value>
            </param>
          </params>
          <reporter-output>
          </reporter-output>
        </test-method> <!-- tearDown -->
        <test-method is-config="true" signature="setup(java.lang.String)[pri:0, instance:tests.AmazonTest1@4e3958e7]" started-at="2026-04-18T21:27:11 IST" name="setup" finished-at="2026-04-18T21:27:14 IST" duration-ms="2531" status="PASS">
          <params>
            <param index="0">
              <value>
                <![CDATA[edge]]>
              </value>
            </param>
          </params>
          <reporter-output>
          </reporter-output>
        </test-method> <!-- setup -->
        <test-method signature="searchBooks()[pri:2, instance:tests.AmazonTest1@4e3958e7]" started-at="2026-04-18T21:27:14 IST" name="searchBooks" finished-at="2026-04-18T21:27:23 IST" duration-ms="9612" status="PASS">
          <reporter-output>
          </reporter-output>
        </test-method> <!-- searchBooks -->
        <test-method is-config="true" signature="tearDown(org.testng.ITestResult)[pri:0, instance:tests.AmazonTest1@4e3958e7]" started-at="2026-04-18T21:27:23 IST" name="tearDown" finished-at="2026-04-18T21:27:24 IST" duration-ms="572" status="PASS">
          <params>
            <param index="0">
              <value>
                <![CDATA[[TestResult name=searchBooks status=SUCCESS method=AmazonTest1.searchBooks()[pri:2, instance:tests.AmazonTest1@4e3958e7] output={null}]]]>
              </value>
            </param>
          </params>
          <reporter-output>
          </reporter-output>
        </test-method> <!-- tearDown -->
      </class> <!-- tests.AmazonTest1 -->
    </test> <!-- EdgeTest -->
    <test started-at="2026-04-18T21:26:28 IST" name="ChromeTest" finished-at="2026-04-18T21:27:25 IST" duration-ms="57141">
      <class name="tests.AmazonTest1">
        <test-method is-config="true" signature="setup(java.lang.String)[pri:0, instance:tests.AmazonTest1@5bda8e08]" started-at="2026-04-18T21:26:28 IST" name="setup" finished-at="2026-04-18T21:26:32 IST" duration-ms="4070" status="PASS">
          <params>
            <param index="0">
              <value>
                <![CDATA[chrome]]>
              </value>
            </param>
          </params>
          <reporter-output>
          </reporter-output>
        </test-method> <!-- setup -->
        <test-method signature="searchMobile(java.lang.String)[pri:0, instance:tests.AmazonTest1@5bda8e08]" started-at="2026-04-18T21:26:32 IST" name="searchMobile" data-provider="searchData" finished-at="2026-04-18T21:26:47 IST" duration-ms="14904" status="FAIL">
          <params>
            <param index="0">
              <value>
                <![CDATA[mobile]]>
              </value>
            </param>
          </params>
          <exception class="java.lang.AssertionError">
            <message>
              <![CDATA[expected [true] but found [false]]]>
            </message>
            <full-stacktrace>
              <![CDATA[java.lang.AssertionError: expected [true] but found [false]
at org.testng.Assert.fail(Assert.java:111)
at org.testng.Assert.failNotEquals(Assert.java:1590)
at org.testng.Assert.assertTrue(Assert.java:57)
at org.testng.Assert.assertTrue(Assert.java:67)
at tests.AmazonTest1.searchMobile(AmazonTest1.java:38)
at java.base/jdk.internal.reflect.DirectMethodHandleAccessor.invoke(DirectMethodHandleAccessor.java:103)
at java.base/java.lang.reflect.Method.invoke(Method.java:580)
at org.testng.internal.invokers.MethodInvocationHelper.invokeMethod(MethodInvocationHelper.java:141)
at org.testng.internal.invokers.TestInvoker.invokeMethod(TestInvoker.java:687)
at org.testng.internal.invokers.TestInvoker.invokeTestMethod(TestInvoker.java:230)
at org.testng.internal.invokers.MethodRunner.runInSequence(MethodRunner.java:63)
at org.testng.internal.invokers.TestInvoker$MethodInvocationAgent.invoke(TestInvoker.java:995)
at org.testng.internal.invokers.TestInvoker.invokeTestMethods(TestInvoker.java:203)
at org.testng.internal.invokers.TestMethodWorker.invokeTestMethods(TestMethodWorker.java:154)
at org.testng.internal.invokers.TestMethodWorker.run(TestMethodWorker.java:134)
at java.base/java.util.ArrayList.forEach(ArrayList.java:1596)
at org.testng.TestRunner.privateRun(TestRunner.java:741)
at org.testng.TestRunner.run(TestRunner.java:616)
at org.testng.SuiteRunner.runTest(SuiteRunner.java:421)
at org.testng.SuiteRunner$SuiteWorker.run(SuiteRunner.java:463)
at org.testng.internal.thread.ThreadUtil.lambda$execute$0(ThreadUtil.java:64)
at java.base/java.util.concurrent.FutureTask.run(FutureTask.java:317)
at java.base/java.util.concurrent.ThreadPoolExecutor.runWorker(ThreadPoolExecutor.java:1144)
at java.base/java.util.concurrent.ThreadPoolExecutor$Worker.run(ThreadPoolExecutor.java:642)
at java.base/java.lang.Thread.run(Thread.java:1583)
]]>
            </full-stacktrace>
          </exception> <!-- java.lang.AssertionError -->
          <reporter-output>
          </reporter-output>
        </test-method> <!-- searchMobile -->
        <test-method is-config="true" signature="tearDown(org.testng.ITestResult)[pri:0, instance:tests.AmazonTest1@5bda8e08]" started-at="2026-04-18T21:26:47 IST" name="tearDown" finished-at="2026-04-18T21:26:48 IST" duration-ms="1186" status="PASS">
          <params>
            <param index="0">
              <value>
                <![CDATA[[TestResult name=searchMobile status=FAILURE method=AmazonTest1.searchMobile(java.lang.String)[pri:0, instance:tests.AmazonTest1@5bda8e08] output={null}]]]>
              </value>
            </param>
          </params>
          <reporter-output>
          </reporter-output>
        </test-method> <!-- tearDown -->
        <test-method is-config="true" signature="setup(java.lang.String)[pri:0, instance:tests.AmazonTest1@5bda8e08]" started-at="2026-04-18T21:26:48 IST" name="setup" finished-at="2026-04-18T21:26:51 IST" duration-ms="2839" status="PASS">
          <params>
            <param index="0">
              <value>
                <![CDATA[chrome]]>
              </value>
            </param>
          </params>
          <reporter-output>
          </reporter-output>
        </test-method> <!-- setup -->
        <test-method signature="searchMobile(java.lang.String)[pri:0, instance:tests.AmazonTest1@5bda8e08]" started-at="2026-04-18T21:26:51 IST" name="searchMobile" data-provider="searchData" finished-at="2026-04-18T21:27:00 IST" duration-ms="9102" status="PASS">
          <params>
            <param index="0">
              <value>
                <![CDATA[laptop]]>
              </value>
            </param>
          </params>
          <reporter-output>
          </reporter-output>
        </test-method> <!-- searchMobile -->
        <test-method is-config="true" signature="tearDown(org.testng.ITestResult)[pri:0, instance:tests.AmazonTest1@5bda8e08]" started-at="2026-04-18T21:27:00 IST" name="tearDown" finished-at="2026-04-18T21:27:01 IST" duration-ms="432" status="PASS">
          <params>
            <param index="0">
              <value>
                <![CDATA[[TestResult name=searchMobile status=SUCCESS method=AmazonTest1.searchMobile(java.lang.String)[pri:0, instance:tests.AmazonTest1@5bda8e08] output={null}]]]>
              </value>
            </param>
          </params>
          <reporter-output>
          </reporter-output>
        </test-method> <!-- tearDown -->
        <test-method is-config="true" signature="setup(java.lang.String)[pri:0, instance:tests.AmazonTest1@5bda8e08]" started-at="2026-04-18T21:27:01 IST" name="setup" finished-at="2026-04-18T21:27:03 IST" duration-ms="2464" status="PASS">
          <params>
            <param index="0">
              <value>
                <![CDATA[chrome]]>
              </value>
            </param>
          </params>
          <reporter-output>
          </reporter-output>
        </test-method> <!-- setup -->
        <test-method signature="searchMobile(java.lang.String)[pri:0, instance:tests.AmazonTest1@5bda8e08]" started-at="2026-04-18T21:27:03 IST" name="searchMobile" data-provider="searchData" finished-at="2026-04-18T21:27:13 IST" duration-ms="9542" status="PASS">
          <params>
            <param index="0">
              <value>
                <![CDATA[headphones]]>
              </value>
            </param>
          </params>
          <reporter-output>
          </reporter-output>
        </test-method> <!-- searchMobile -->
        <test-method is-config="true" signature="tearDown(org.testng.ITestResult)[pri:0, instance:tests.AmazonTest1@5bda8e08]" started-at="2026-04-18T21:27:13 IST" name="tearDown" finished-at="2026-04-18T21:27:13 IST" duration-ms="421" status="PASS">
          <params>
            <param index="0">
              <value>
                <![CDATA[[TestResult name=searchMobile status=SUCCESS method=AmazonTest1.searchMobile(java.lang.String)[pri:0, instance:tests.AmazonTest1@5bda8e08] output={null}]]]>
              </value>
            </param>
          </params>
          <reporter-output>
          </reporter-output>
        </test-method> <!-- tearDown -->
        <test-method is-config="true" signature="setup(java.lang.String)[pri:0, instance:tests.AmazonTest1@5bda8e08]" started-at="2026-04-18T21:27:13 IST" name="setup" finished-at="2026-04-18T21:27:16 IST" duration-ms="2666" status="PASS">
          <params>
            <param index="0">
              <value>
                <![CDATA[chrome]]>
              </value>
            </param>
          </params>
          <reporter-output>
          </reporter-output>
        </test-method> <!-- setup -->
        <test-method signature="searchBooks()[pri:2, instance:tests.AmazonTest1@5bda8e08]" started-at="2026-04-18T21:27:16 IST" name="searchBooks" finished-at="2026-04-18T21:27:25 IST" duration-ms="9133" status="PASS">
          <reporter-output>
          </reporter-output>
        </test-method> <!-- searchBooks -->
        <test-method is-config="true" signature="tearDown(org.testng.ITestResult)[pri:0, instance:tests.AmazonTest1@5bda8e08]" started-at="2026-04-18T21:27:25 IST" name="tearDown" finished-at="2026-04-18T21:27:25 IST" duration-ms="288" status="PASS">
          <params>
            <param index="0">
              <value>
                <![CDATA[[TestResult name=searchBooks status=SUCCESS method=AmazonTest1.searchBooks()[pri:2, instance:tests.AmazonTest1@5bda8e08] output={null}]]]>
              </value>
            </param>
          </params>
          <reporter-output>
          </reporter-output>
        </test-method> <!-- tearDown -->
      </class> <!-- tests.AmazonTest1 -->
    </test> <!-- ChromeTest -->
  </suite> <!-- Suite -->
</testng-results>
