<?xml version="1.0" encoding="UTF-8"?>
<testng-results ignored="0" total="8" passed="8" failed="0" skipped="0">
  <reporter-output>
  </reporter-output>
  <suite started-at="2026-04-18T17:10:39 IST" name="Suite" finished-at="2026-04-18T17:11:27 IST" duration-ms="48350">
    <groups>
    </groups>
    <test started-at="2026-04-18T17:10:39 IST" name="ChromeTest" finished-at="2026-04-18T17:11:21 IST" duration-ms="42480">
      <class name="tests.AmazonTest1">
        <test-method is-config="true" signature="setup(java.lang.String)[pri:0, instance:tests.AmazonTest1@3c41ed1d]" started-at="2026-04-18T17:10:39 IST" name="setup" finished-at="2026-04-18T17:10:45 IST" duration-ms="6166" status="PASS">
          <params>
            <param index="0">
              <value>
                <![CDATA[chrome]]>
              </value>
            </param>
          </params>
          <reporter-output>
          </reporter-output>
        </test-method> <!-- setup -->
        <test-method signature="searchMobile(java.lang.String)[pri:0, instance:tests.AmazonTest1@3c41ed1d]" started-at="2026-04-18T17:10:45 IST" name="searchMobile" data-provider="searchData" finished-at="2026-04-18T17:10:53 IST" duration-ms="7573" status="PASS">
          <params>
            <param index="0">
              <value>
                <![CDATA[mobile]]>
              </value>
            </param>
          </params>
          <reporter-output>
          </reporter-output>
        </test-method> <!-- searchMobile -->
        <test-method is-config="true" signature="tearDown(org.testng.ITestResult)[pri:0, instance:tests.AmazonTest1@3c41ed1d]" started-at="2026-04-18T17:10:53 IST" name="tearDown" finished-at="2026-04-18T17:10:53 IST" duration-ms="268" status="PASS">
          <params>
            <param index="0">
              <value>
                <![CDATA[[TestResult name=searchMobile status=SUCCESS method=AmazonTest1.searchMobile(java.lang.String)[pri:0, instance:tests.AmazonTest1@3c41ed1d] output={null}]]]>
              </value>
            </param>
          </params>
          <reporter-output>
          </reporter-output>
        </test-method> <!-- tearDown -->
        <test-method is-config="true" signature="setup(java.lang.String)[pri:0, instance:tests.AmazonTest1@3c41ed1d]" started-at="2026-04-18T17:10:53 IST" name="setup" finished-at="2026-04-18T17:10:56 IST" duration-ms="2782" status="PASS">
          <params>
            <param index="0">
              <value>
                <![CDATA[chrome]]>
              </value>
            </param>
          </params>
          <reporter-output>
          </reporter-output>
        </test-method> <!-- setup -->
        <test-method signature="searchMobile(java.lang.String)[pri:0, instance:tests.AmazonTest1@3c41ed1d]" started-at="2026-04-18T17:10:56 IST" name="searchMobile" data-provider="searchData" finished-at="2026-04-18T17:11:02 IST" duration-ms="6062" status="PASS">
          <params>
            <param index="0">
              <value>
                <![CDATA[laptop]]>
              </value>
            </param>
          </params>
          <reporter-output>
          </reporter-output>
        </test-method> <!-- searchMobile -->
        <test-method is-config="true" signature="tearDown(org.testng.ITestResult)[pri:0, instance:tests.AmazonTest1@3c41ed1d]" started-at="2026-04-18T17:11:02 IST" name="tearDown" finished-at="2026-04-18T17:11:02 IST" duration-ms="200" status="PASS">
          <params>
            <param index="0">
              <value>
                <![CDATA[[TestResult name=searchMobile status=SUCCESS method=AmazonTest1.searchMobile(java.lang.String)[pri:0, instance:tests.AmazonTest1@3c41ed1d] output={null}]]]>
              </value>
            </param>
          </params>
          <reporter-output>
          </reporter-output>
        </test-method> <!-- tearDown -->
        <test-method is-config="true" signature="setup(java.lang.String)[pri:0, instance:tests.AmazonTest1@3c41ed1d]" started-at="2026-04-18T17:11:02 IST" name="setup" finished-at="2026-04-18T17:11:04 IST" duration-ms="1814" status="PASS">
          <params>
            <param index="0">
              <value>
                <![CDATA[chrome]]>
              </value>
            </param>
          </params>
          <reporter-output>
          </reporter-output>
        </test-method> <!-- setup -->
        <test-method signature="searchMobile(java.lang.String)[pri:0, instance:tests.AmazonTest1@3c41ed1d]" started-at="2026-04-18T17:11:04 IST" name="searchMobile" data-provider="searchData" finished-at="2026-04-18T17:11:10 IST" duration-ms="6279" status="PASS">
          <params>
            <param index="0">
              <value>
                <![CDATA[headphones]]>
              </value>
            </param>
          </params>
          <reporter-output>
          </reporter-output>
        </test-method> <!-- searchMobile -->
        <test-method is-config="true" signature="tearDown(org.testng.ITestResult)[pri:0, instance:tests.AmazonTest1@3c41ed1d]" started-at="2026-04-18T17:11:10 IST" name="tearDown" finished-at="2026-04-18T17:11:10 IST" duration-ms="277" status="PASS">
          <params>
            <param index="0">
              <value>
                <![CDATA[[TestResult name=searchMobile status=SUCCESS method=AmazonTest1.searchMobile(java.lang.String)[pri:0, instance:tests.AmazonTest1@3c41ed1d] output={null}]]]>
              </value>
            </param>
          </params>
          <reporter-output>
          </reporter-output>
        </test-method> <!-- tearDown -->
        <test-method is-config="true" signature="setup(java.lang.String)[pri:0, instance:tests.AmazonTest1@3c41ed1d]" started-at="2026-04-18T17:11:10 IST" name="setup" finished-at="2026-04-18T17:11:13 IST" duration-ms="2722" status="PASS">
          <params>
            <param index="0">
              <value>
                <![CDATA[chrome]]>
              </value>
            </param>
          </params>
          <reporter-output>
          </reporter-output>
        </test-method> <!-- setup -->
        <test-method signature="searchBooks()[pri:2, instance:tests.AmazonTest1@3c41ed1d]" started-at="2026-04-18T17:11:13 IST" name="searchBooks" finished-at="2026-04-18T17:11:21 IST" duration-ms="7708" status="PASS">
          <reporter-output>
          </reporter-output>
        </test-method> <!-- searchBooks -->
        <test-method is-config="true" signature="tearDown(org.testng.ITestResult)[pri:0, instance:tests.AmazonTest1@3c41ed1d]" started-at="2026-04-18T17:11:21 IST" name="tearDown" finished-at="2026-04-18T17:11:21 IST" duration-ms="515" status="PASS">
          <params>
            <param index="0">
              <value>
                <![CDATA[[TestResult name=searchBooks status=SUCCESS method=AmazonTest1.searchBooks()[pri:2, instance:tests.AmazonTest1@3c41ed1d] output={null}]]]>
              </value>
            </param>
          </params>
          <reporter-output>
          </reporter-output>
        </test-method> <!-- tearDown -->
      </class> <!-- tests.AmazonTest1 -->
    </test> <!-- ChromeTest -->
    <test started-at="2026-04-18T17:10:39 IST" name="EdgeTest" finished-at="2026-04-18T17:11:27 IST" duration-ms="48350">
      <class name="tests.AmazonTest1">
        <test-method is-config="true" signature="setup(java.lang.String)[pri:0, instance:tests.AmazonTest1@4e50c791]" started-at="2026-04-18T17:10:39 IST" name="setup" finished-at="2026-04-18T17:10:45 IST" duration-ms="6512" status="PASS">
          <params>
            <param index="0">
              <value>
                <![CDATA[edge]]>
              </value>
            </param>
          </params>
          <reporter-output>
          </reporter-output>
        </test-method> <!-- setup -->
        <test-method signature="searchMobile(java.lang.String)[pri:0, instance:tests.AmazonTest1@4e50c791]" started-at="2026-04-18T17:10:45 IST" name="searchMobile" data-provider="searchData" finished-at="2026-04-18T17:10:52 IST" duration-ms="6810" status="PASS">
          <params>
            <param index="0">
              <value>
                <![CDATA[mobile]]>
              </value>
            </param>
          </params>
          <reporter-output>
          </reporter-output>
        </test-method> <!-- searchMobile -->
        <test-method is-config="true" signature="tearDown(org.testng.ITestResult)[pri:0, instance:tests.AmazonTest1@4e50c791]" started-at="2026-04-18T17:10:52 IST" name="tearDown" finished-at="2026-04-18T17:10:53 IST" duration-ms="620" status="PASS">
          <params>
            <param index="0">
              <value>
                <![CDATA[[TestResult name=searchMobile status=SUCCESS method=AmazonTest1.searchMobile(java.lang.String)[pri:0, instance:tests.AmazonTest1@4e50c791] output={null}]]]>
              </value>
            </param>
          </params>
          <reporter-output>
          </reporter-output>
        </test-method> <!-- tearDown -->
        <test-method is-config="true" signature="setup(java.lang.String)[pri:0, instance:tests.AmazonTest1@4e50c791]" started-at="2026-04-18T17:10:53 IST" name="setup" finished-at="2026-04-18T17:10:55 IST" duration-ms="2411" status="PASS">
          <params>
            <param index="0">
              <value>
                <![CDATA[edge]]>
              </value>
            </param>
          </params>
          <reporter-output>
          </reporter-output>
        </test-method> <!-- setup -->
        <test-method signature="searchMobile(java.lang.String)[pri:0, instance:tests.AmazonTest1@4e50c791]" started-at="2026-04-18T17:10:55 IST" name="searchMobile" data-provider="searchData" finished-at="2026-04-18T17:11:09 IST" duration-ms="13964" status="PASS">
          <params>
            <param index="0">
              <value>
                <![CDATA[laptop]]>
              </value>
            </param>
          </params>
          <reporter-output>
          </reporter-output>
        </test-method> <!-- searchMobile -->
        <test-method is-config="true" signature="tearDown(org.testng.ITestResult)[pri:0, instance:tests.AmazonTest1@4e50c791]" started-at="2026-04-18T17:11:09 IST" name="tearDown" finished-at="2026-04-18T17:11:10 IST" duration-ms="500" status="PASS">
          <params>
            <param index="0">
              <value>
                <![CDATA[[TestResult name=searchMobile status=SUCCESS method=AmazonTest1.searchMobile(java.lang.String)[pri:0, instance:tests.AmazonTest1@4e50c791] output={null}]]]>
              </value>
            </param>
          </params>
          <reporter-output>
          </reporter-output>
        </test-method> <!-- tearDown -->
        <test-method is-config="true" signature="setup(java.lang.String)[pri:0, instance:tests.AmazonTest1@4e50c791]" started-at="2026-04-18T17:11:10 IST" name="setup" finished-at="2026-04-18T17:11:13 IST" duration-ms="2748" status="PASS">
          <params>
            <param index="0">
              <value>
                <![CDATA[edge]]>
              </value>
            </param>
          </params>
          <reporter-output>
          </reporter-output>
        </test-method> <!-- setup -->
        <test-method signature="searchMobile(java.lang.String)[pri:0, instance:tests.AmazonTest1@4e50c791]" started-at="2026-04-18T17:11:13 IST" name="searchMobile" data-provider="searchData" finished-at="2026-04-18T17:11:19 IST" duration-ms="6777" status="PASS">
          <params>
            <param index="0">
              <value>
                <![CDATA[headphones]]>
              </value>
            </param>
          </params>
          <reporter-output>
          </reporter-output>
        </test-method> <!-- searchMobile -->
        <test-method is-config="true" signature="tearDown(org.testng.ITestResult)[pri:0, instance:tests.AmazonTest1@4e50c791]" started-at="2026-04-18T17:11:19 IST" name="tearDown" finished-at="2026-04-18T17:11:20 IST" duration-ms="582" status="PASS">
          <params>
            <param index="0">
              <value>
                <![CDATA[[TestResult name=searchMobile status=SUCCESS method=AmazonTest1.searchMobile(java.lang.String)[pri:0, instance:tests.AmazonTest1@4e50c791] output={null}]]]>
              </value>
            </param>
          </params>
          <reporter-output>
          </reporter-output>
        </test-method> <!-- tearDown -->
        <test-method is-config="true" signature="setup(java.lang.String)[pri:0, instance:tests.AmazonTest1@4e50c791]" started-at="2026-04-18T17:11:20 IST" name="setup" finished-at="2026-04-18T17:11:22 IST" duration-ms="1899" status="PASS">
          <params>
            <param index="0">
              <value>
                <![CDATA[edge]]>
              </value>
            </param>
          </params>
          <reporter-output>
          </reporter-output>
        </test-method> <!-- setup -->
        <test-method signature="searchBooks()[pri:2, instance:tests.AmazonTest1@4e50c791]" started-at="2026-04-18T17:11:22 IST" name="searchBooks" finished-at="2026-04-18T17:11:27 IST" duration-ms="5219" status="PASS">
          <reporter-output>
          </reporter-output>
        </test-method> <!-- searchBooks -->
        <test-method is-config="true" signature="tearDown(org.testng.ITestResult)[pri:0, instance:tests.AmazonTest1@4e50c791]" started-at="2026-04-18T17:11:27 IST" name="tearDown" finished-at="2026-04-18T17:11:27 IST" duration-ms="194" status="PASS">
          <params>
            <param index="0">
              <value>
                <![CDATA[[TestResult name=searchBooks status=SUCCESS method=AmazonTest1.searchBooks()[pri:2, instance:tests.AmazonTest1@4e50c791] output={null}]]]>
              </value>
            </param>
          </params>
          <reporter-output>
          </reporter-output>
        </test-method> <!-- tearDown -->
      </class> <!-- tests.AmazonTest1 -->
    </test> <!-- EdgeTest -->
  </suite> <!-- Suite -->
</testng-results>
