<?xml version="1.0" encoding="UTF-8"?>
<!-- Generated by org.testng.reporters.JUnitReportReporter -->
<testsuite hostname="Niraj" failures="0" tests="8" name="tests.AmazonTest1" time="82.618" errors="0" timestamp="2026-04-16T18:11:55 IST" skipped="0">
  <testcase classname="tests.AmazonTest1" name="searchMobile" time="10.866"/>
  <testcase classname="tests.AmazonTest1" name="searchMobile" time="10.558"/>
  <testcase classname="tests.AmazonTest1" name="searchMobile" time="10.039"/>
  <testcase classname="tests.AmazonTest1" name="searchMobile" time="9.941"/>
  <testcase classname="tests.AmazonTest1" name="searchMobile" time="9.252"/>
  <testcase classname="tests.AmazonTest1" name="searchMobile" time="10.628"/>
  <testcase classname="tests.AmazonTest1" name="searchBooks" time="10.422"/>
  <testcase classname="tests.AmazonTest1" name="searchBooks" time="10.912"/>
</testsuite> <!-- tests.AmazonTest1 -->
