<?xml version="1.0" encoding="UTF-8"?>
<!-- Generated by org.testng.reporters.JUnitReportReporter -->
<testsuite hostname="Niraj" failures="0" tests="8" name="tests.AmazonTest1" time="90.602" errors="0" timestamp="2026-04-18T17:11:27 IST" skipped="0">
  <testcase classname="tests.AmazonTest1" name="searchMobile" time="21.058"/>
  <testcase classname="tests.AmazonTest1" name="searchMobile" time="10.495"/>
  <testcase classname="tests.AmazonTest1" name="searchMobile" time="8.144"/>
  <testcase classname="tests.AmazonTest1" name="searchMobile" time="9.576"/>
  <testcase classname="tests.AmazonTest1" name="searchMobile" time="9.382"/>
  <testcase classname="tests.AmazonTest1" name="searchMobile" time="10.058"/>
  <testcase classname="tests.AmazonTest1" name="searchBooks" time="7.738"/>
  <testcase classname="tests.AmazonTest1" name="searchBooks" time="14.151"/>
</testsuite> <!-- tests.AmazonTest1 -->
