<?xml version="1.0" encoding="UTF-8"?>
<!-- Generated by org.testng.reporters.JUnitReportReporter -->
<testsuite hostname="Niraj" failures="0" tests="3" name="seleniumframework.AmazonTest" time="20.993" errors="0" timestamp="2026-04-16T16:05:09 IST" skipped="0">
  <testcase classname="seleniumframework.AmazonTest" name="selectBook" time="7.682"/>
  <testcase classname="seleniumframework.AmazonTest" name="searchLaptop" time="6.726"/>
  <testcase classname="seleniumframework.AmazonTest" name="searchProduct" time="6.585"/>
</testsuite> <!-- seleniumframework.AmazonTest -->
